<?xml version="1.0" encoding="UTF-8"?>
<!-- Generated by org.testng.reporters.JUnitReportReporter -->
<testsuite hostname="DESKTOP-AC2UEEL" failures="0" tests="1" name="com.casestudy.testsuit.CaseStudy_Flipkart_Testsuit" time="7.507" errors="0" timestamp="2023-07-25T12:26:40 IST" skipped="0">
  <testcase classname="com.casestudy.testsuit.CaseStudy_Flipkart_Testsuit" name="flipkart_test" time="7.507"/>
  <system-out/>
</testsuite> <!-- com.casestudy.testsuit.CaseStudy_Flipkart_Testsuit -->
