<?xml version="1.0" encoding="UTF-8"?>
<!-- Generated by org.testng.reporters.JUnitReportReporter -->
<testsuite hostname="DESKTOP-AC2UEEL" failures="0" tests="2" name="com.casestudy.CaseStudy_1_Suite" time="5.634" errors="0" timestamp="2023-07-25T06:14:37 IST" skipped="0">
  <testcase classname="com.casestudy.CaseStudy_1_Suite" name="verifyTitleandClickonContactLink" time="1.708"/>
  <system-out/>
  <testcase classname="com.casestudy.CaseStudy_1_Suite" name="fillcontactinformationandverify" time="3.926"/>
  <system-out/>
</testsuite> <!-- com.casestudy.CaseStudy_1_Suite -->
