<?xml version="1.0" encoding="UTF-8"?>
<!-- Generated by org.testng.reporters.JUnitReportReporter -->
<testsuite hostname="DESKTOP-AC2UEEL" failures="0" tests="2" name="com.casestudy.testsuit.CaseStudy_AutomationPanda_Testsuit" time="12.917" errors="0" timestamp="2023-08-02T10:38:30 IST" skipped="0">
  <testcase classname="com.casestudy.testsuit.CaseStudy_AutomationPanda_Testsuit" name="verifyTitleandClickonContactLink" time="5.498"/>
  <system-out/>
  <testcase classname="com.casestudy.testsuit.CaseStudy_AutomationPanda_Testsuit" name="fillcontactinformationandverify" time="7.419"/>
  <system-out/>
</testsuite> <!-- com.casestudy.testsuit.CaseStudy_AutomationPanda_Testsuit -->
