<?xml version="1.0" encoding="UTF-8"?>
<!-- Generated by org.testng.reporters.JUnitReportReporter -->
<testsuite hostname="DESKTOP-AC2UEEL" failures="0" tests="1" name="com.casestudy.testsuit.Flipkart_Testcase" time="11.017" errors="0" timestamp="2023-08-02T15:13:35 IST" skipped="0">
  <testcase classname="com.casestudy.testsuit.Flipkart_Testcase" name="flipkart_test" time="11.017"/>
  <system-out/>
</testsuite> <!-- com.casestudy.testsuit.Flipkart_Testcase -->
