<?xml version="1.0" encoding="UTF-8"?>
<!-- Generated by org.testng.reporters.JUnitReportReporter -->
<testsuite hostname="DESKTOP-AC2UEEL" failures="0" tests="2" name="com.casestudy.testsuit.AutomationPanda_Testcase" time="6.815" errors="0" timestamp="2023-08-02T15:29:56 IST" skipped="0">
  <testcase classname="com.casestudy.testsuit.AutomationPanda_Testcase" name="verifyTitleandClickonContactLink" time="2.590"/>
  <system-out/>
  <testcase classname="com.casestudy.testsuit.AutomationPanda_Testcase" name="fillcontactinformationandverify" time="4.225"/>
  <system-out/>
</testsuite> <!-- com.casestudy.testsuit.AutomationPanda_Testcase -->
